[INFO] Scanning for projects...
[INFO]                                                                         
[INFO] ------------------------------------------------------------------------
[INFO] Building content 0.0.1-SNAPSHOT
[INFO] ------------------------------------------------------------------------
[INFO] 
[INFO] --- maven-dependency-plugin:2.8:tree (default-cli) @ content ---
[INFO] org.reactome.server:content:war:0.0.1-SNAPSHOT
[INFO] +- org.reactome.server.tools:graph-core:jar:0.0.2-SNAPSHOT:compile
[INFO] |  +- org.reactome.base:reactome-base:jar:1.2.4:compile
[INFO] |  |  +- commons-lang:commons-lang:jar:2.5:compile
[INFO] |  |  \- mysql:mysql-connector-java:jar:5.1.28:compile
[INFO] |  +- org.springframework.data:spring-data-neo4j:jar:4.1.1.RELEASE:compile
[INFO] |  |  +- org.neo4j:neo4j-ogm-core:jar:2.0.1:compile
[INFO] |  |  |  +- org.neo4j:neo4j-ogm-api:jar:2.0.1:compile
[INFO] |  |  |  +- org.neo4j:neo4j-ogm-compiler:jar:2.0.1:compile
[INFO] |  |  |  \- org.apache.commons:commons-lang3:jar:3.4:compile
[INFO] |  |  +- org.neo4j:neo4j-ogm-http-driver:jar:2.0.1:compile
[INFO] |  |  +- org.springframework.data:spring-data-commons:jar:1.12.1.RELEASE:compile
[INFO] |  |  +- org.springframework:spring-tx:jar:4.2.5.RELEASE:compile
[INFO] |  |  +- org.slf4j:slf4j-api:jar:1.7.19:compile
[INFO] |  |  \- org.slf4j:jcl-over-slf4j:jar:1.7.19:runtime
[INFO] |  +- org.neo4j:neo4j-kernel:jar:2.3.2:compile
[INFO] |  |  +- org.neo4j:neo4j-primitive-collections:jar:2.3.2:compile
[INFO] |  |  |  +- org.neo4j:neo4j-unsafe:jar:2.3.2:compile
[INFO] |  |  |  \- org.neo4j:neo4j-function:jar:2.3.2:compile
[INFO] |  |  +- org.neo4j:neo4j-io:jar:2.3.2:compile
[INFO] |  |  +- org.neo4j:neo4j-csv:jar:2.3.2:compile
[INFO] |  |  \- org.neo4j:neo4j-logging:jar:2.3.2:compile
[INFO] |  +- org.neo4j:neo4j-lucene-index:jar:2.3.2:compile
[INFO] |  |  \- org.apache.lucene:lucene-core:jar:3.6.2:compile
[INFO] |  +- org.aspectj:aspectjrt:jar:1.8.8:compile
[INFO] |  +- org.aspectj:aspectjweaver:jar:1.8.8:compile
[INFO] |  +- ch.qos.logback:logback-classic:jar:1.1.6:compile
[INFO] |  |  \- ch.qos.logback:logback-core:jar:1.1.6:compile
[INFO] |  +- com.martiansoftware:jsap:jar:2.1:compile
[INFO] |  +- log4j:log4j:jar:1.2.17:compile
[INFO] |  +- org.reflections:reflections:jar:0.9.9-RC2:compile
[INFO] |  |  +- com.google.guava:guava:jar:15.0:compile
[INFO] |  |  +- org.javassist:javassist:jar:3.18.2-GA:compile
[INFO] |  |  +- com.google.code.findbugs:annotations:jar:2.0.1:compile
[INFO] |  |  \- dom4j:dom4j:jar:1.6.1:compile
[INFO] |  |     \- xml-apis:xml-apis:jar:1.0.b2:compile
[INFO] |  \- io.swagger:swagger-annotations:jar:1.5.6:compile
[INFO] +- org.reactome.server.tools:search-core:jar:0.0.1-SNAPSHOT:compile
[INFO] |  +- org.springframework:spring-context:jar:4.2.4.RELEASE:compile
[INFO] |  |  \- org.springframework:spring-aop:jar:4.2.4.RELEASE:compile
[INFO] |  +- org.apache.solr:solr-core:jar:5.3.1:compile
[INFO] |  |  +- org.apache.lucene:lucene-analyzers-common:jar:5.3.1:compile
[INFO] |  |  +- org.apache.lucene:lucene-analyzers-kuromoji:jar:5.3.1:compile
[INFO] |  |  +- org.apache.lucene:lucene-analyzers-phonetic:jar:5.3.1:compile
[INFO] |  |  +- org.apache.lucene:lucene-backward-codecs:jar:5.3.1:compile
[INFO] |  |  +- org.apache.lucene:lucene-codecs:jar:5.3.1:compile
[INFO] |  |  +- org.apache.lucene:lucene-expressions:jar:5.3.1:compile
[INFO] |  |  +- org.apache.lucene:lucene-grouping:jar:5.3.1:compile
[INFO] |  |  +- org.apache.lucene:lucene-highlighter:jar:5.3.1:compile
[INFO] |  |  +- org.apache.lucene:lucene-join:jar:5.3.1:compile
[INFO] |  |  +- org.apache.lucene:lucene-memory:jar:5.3.1:compile
[INFO] |  |  +- org.apache.lucene:lucene-misc:jar:5.3.1:compile
[INFO] |  |  +- org.apache.lucene:lucene-queries:jar:5.3.1:compile
[INFO] |  |  +- org.apache.lucene:lucene-queryparser:jar:5.3.1:compile
[INFO] |  |  +- org.apache.lucene:lucene-sandbox:jar:5.3.1:compile
[INFO] |  |  +- org.apache.lucene:lucene-spatial:jar:5.3.1:compile
[INFO] |  |  +- org.apache.lucene:lucene-suggest:jar:5.3.1:compile
[INFO] |  |  +- org.apache.solr:solr-solrj:jar:5.3.1:compile
[INFO] |  |  +- com.carrotsearch:hppc:jar:0.5.2:compile
[INFO] |  |  +- com.fasterxml.jackson.dataformat:jackson-dataformat-smile:jar:2.5.4:compile
[INFO] |  |  +- com.google.protobuf:protobuf-java:jar:2.5.0:compile
[INFO] |  |  +- com.googlecode.concurrentlinkedhashmap:concurrentlinkedhashmap-lru:jar:1.2:compile
[INFO] |  |  +- com.spatial4j:spatial4j:jar:0.4.1:compile
[INFO] |  |  +- com.tdunning:t-digest:jar:3.1:compile
[INFO] |  |  +- commons-cli:commons-cli:jar:1.2:compile
[INFO] |  |  +- commons-codec:commons-codec:jar:1.10:compile
[INFO] |  |  +- commons-collections:commons-collections:jar:3.2.1:compile
[INFO] |  |  +- commons-configuration:commons-configuration:jar:1.6:compile
[INFO] |  |  +- joda-time:joda-time:jar:2.2:compile
[INFO] |  |  +- org.antlr:antlr-runtime:jar:3.5:compile
[INFO] |  |  +- org.apache.commons:commons-exec:jar:1.3:compile
[INFO] |  |  +- org.apache.hadoop:hadoop-annotations:jar:2.6.0:compile
[INFO] |  |  |  \- jdk.tools:jdk.tools:jar:1.6:system
[INFO] |  |  +- org.apache.hadoop:hadoop-auth:jar:2.6.0:compile
[INFO] |  |  +- org.apache.hadoop:hadoop-common:jar:2.6.0:compile
[INFO] |  |  +- org.apache.hadoop:hadoop-hdfs:jar:2.6.0:compile
[INFO] |  |  +- org.apache.httpcomponents:httpclient:jar:4.4.1:compile
[INFO] |  |  +- org.apache.httpcomponents:httpcore:jar:4.4.1:compile
[INFO] |  |  +- org.apache.httpcomponents:httpmime:jar:4.4.1:compile
[INFO] |  |  +- org.apache.zookeeper:zookeeper:jar:3.4.6:compile
[INFO] |  |  +- org.codehaus.woodstox:stax2-api:jar:3.1.4:compile
[INFO] |  |  +- org.codehaus.woodstox:woodstox-core-asl:jar:4.4.1:compile
[INFO] |  |  +- org.eclipse.jetty:jetty-continuation:jar:9.2.11.v20150529:compile
[INFO] |  |  +- org.eclipse.jetty:jetty-deploy:jar:9.2.11.v20150529:compile
[INFO] |  |  +- org.eclipse.jetty:jetty-http:jar:9.2.11.v20150529:compile
[INFO] |  |  +- org.eclipse.jetty:jetty-io:jar:9.2.11.v20150529:compile
[INFO] |  |  +- org.eclipse.jetty:jetty-jmx:jar:9.2.11.v20150529:compile
[INFO] |  |  +- org.eclipse.jetty:jetty-rewrite:jar:9.2.11.v20150529:compile
[INFO] |  |  +- org.eclipse.jetty:jetty-security:jar:9.2.11.v20150529:compile
[INFO] |  |  +- org.eclipse.jetty:jetty-server:jar:9.2.11.v20150529:compile
[INFO] |  |  +- org.eclipse.jetty:jetty-servlet:jar:9.2.11.v20150529:compile
[INFO] |  |  +- org.eclipse.jetty:jetty-servlets:jar:9.2.11.v20150529:compile
[INFO] |  |  +- org.eclipse.jetty:jetty-util:jar:9.2.11.v20150529:compile
[INFO] |  |  +- org.eclipse.jetty:jetty-webapp:jar:9.2.11.v20150529:compile
[INFO] |  |  +- org.eclipse.jetty:jetty-xml:jar:9.2.11.v20150529:compile
[INFO] |  |  +- org.htrace:htrace-core:jar:3.0.4:compile
[INFO] |  |  +- org.noggit:noggit:jar:0.6:compile
[INFO] |  |  +- org.ow2.asm:asm:jar:4.1:compile
[INFO] |  |  +- org.ow2.asm:asm-commons:jar:4.1:compile
[INFO] |  |  +- org.restlet.jee:org.restlet:jar:2.3.0:compile
[INFO] |  |  \- org.restlet.jee:org.restlet.ext.servlet:jar:2.3.0:compile
[INFO] |  \- org.reactome.server.tools:interactor-core:jar:0.0.9-SNAPSHOT:compile
[INFO] |     +- uk.ac.ebi.enfin.mi.cluster:micluster:jar:1.7.3-SNAPSHOT:compile
[INFO] |     |  +- net.sourceforge.jocache:shiftone-cache:jar:2.0b:compile
[INFO] |     |  +- net.sf.ehcache:ehcache:jar:1.2.3:compile
[INFO] |     |  +- org.hupo.psi.mi.psicquic:psicquic-simple-client:jar:1.3.3-SNAPSHOT:compile
[INFO] |     |  +- net.sf.json-lib:json-lib:jar:jdk15:2.2.3:compile
[INFO] |     |  |  +- commons-beanutils:commons-beanutils:jar:1.7.0:compile
[INFO] |     |  |  \- net.sf.ezmorph:ezmorph:jar:1.0.6:compile
[INFO] |     |  \- uk.ac.ebi.enfin.mi.score:miscore:jar:1.3.2:compile
[INFO] |     |     \- net.sf.json-lib:json-lib:jar:2.2.3:compile
[INFO] |     +- org.hupo.psi.mi.psicquic:psicquic-registry-client:jar:1.1.0:compile
[INFO] |     |  +- org.apache.servicemix.specs:org.apache.servicemix.specs.jaxb-api-2.1:jar:2.0.0:compile
[INFO] |     |  |  +- org.apache.servicemix.specs:org.apache.servicemix.specs.stax-api-1.0:jar:2.0.0:compile
[INFO] |     |  |  \- org.apache.geronimo.specs:geronimo-activation_1.1_spec:jar:1.0.2:compile
[INFO] |     |  +- org.apache.servicemix.bundles:org.apache.servicemix.bundles.jaxb-impl:jar:2.2.4_2:compile
[INFO] |     |  |  +- javax.xml.bind:jaxb-api:jar:2.2.3:compile
[INFO] |     |  |  +- org.apache.servicemix.specs:org.apache.servicemix.specs.jaxb-api-2.2:jar:1.6.0:compile
[INFO] |     |  |  \- javax.xml.stream:stax-api:jar:1.0-2:compile
[INFO] |     |  +- javax.activation:com.springsource.javax.activation:jar:1.1.1:compile
[INFO] |     |  \- javax.xml.stream:com.springsource.javax.xml.stream:jar:1.0.1:compile
[INFO] |     +- psidev.psi.mi:psimitab:jar:1.8.5:compile
[INFO] |     |  +- psidev.psi.mi:psi25-xml:jar:1.8.5:compile
[INFO] |     |  |  +- psidev.psi.tools:xxindex:jar:0.11:compile
[INFO] |     |  |  |  +- org.apache.commons:com.springsource.org.apache.commons.io:jar:1.4.0:compile
[INFO] |     |  |  |  +- cpdetector:cpdetector:jar:1.0.7:compile
[INFO] |     |  |  |  |  +- org.antlr:com.springsource.antlr:jar:2.7.7:compile
[INFO] |     |  |  |  |  +- jargs:jargs:jar:1.0:compile
[INFO] |     |  |  |  |  \- org.mozilla.intl:chardet:jar:1.0:compile
[INFO] |     |  |  |  +- org.apache.commons:com.springsource.org.apache.commons.logging:jar:1.1.1:compile
[INFO] |     |  |  |  \- org.apache.log4j:com.springsource.org.apache.log4j:jar:1.2.15:compile
[INFO] |     |  |  \- net.sf.saxon:saxon-xom:jar:8.7:compile
[INFO] |     |  |     +- net.sf.saxon:saxon:jar:8.7:compile
[INFO] |     |  |     \- xom:xom:jar:1.1:compile
[INFO] |     |  |        +- xerces:xmlParserAPIs:jar:2.6.2:compile
[INFO] |     |  |        +- xalan:xalan:jar:2.7.0:compile
[INFO] |     |  |        \- jaxen:jaxen:jar:1.1-beta-8:compile
[INFO] |     |  |           \- jdom:jdom:jar:1.0:compile
[INFO] |     |  +- org.apache.commons:com.springsource.org.apache.commons.collections:jar:3.2.1:compile
[INFO] |     |  \- org.apache.commons:com.springsource.org.apache.commons.lang:jar:2.4.0:compile
[INFO] |     +- org.xerial:sqlite-jdbc:jar:3.8.11.2:compile
[INFO] |     +- junit:junit:jar:4.12:compile
[INFO] |     |  \- org.hamcrest:hamcrest-core:jar:1.3:compile
[INFO] |     +- org.slf4j:slf4j-log4j12:jar:1.7.13:compile
[INFO] |     \- net.sf.supercsv:super-csv:jar:2.4.0:compile
[INFO] +- org.springframework:spring-webmvc:jar:4.2.4.RELEASE:compile
[INFO] |  +- org.springframework:spring-beans:jar:4.2.4.RELEASE:compile
[INFO] |  +- org.springframework:spring-core:jar:4.2.4.RELEASE:compile
[INFO] |  |  \- commons-logging:commons-logging:jar:1.2:compile
[INFO] |  +- org.springframework:spring-expression:jar:4.2.4.RELEASE:compile
[INFO] |  \- org.springframework:spring-web:jar:4.2.4.RELEASE:compile
[INFO] +- org.springframework:spring-context-support:jar:4.2.4.RELEASE:compile
[INFO] +- javax.servlet:javax.servlet-api:jar:4.0.0-b01:provided
[INFO] +- javax.servlet.jsp:jsp-api:jar:2.1:provided
[INFO] +- javax.servlet:jstl:jar:1.2:compile
[INFO] +- com.fasterxml.jackson.core:jackson-databind:jar:2.7.3:compile
[INFO] |  +- com.fasterxml.jackson.core:jackson-annotations:jar:2.7.0:compile
[INFO] |  \- com.fasterxml.jackson.core:jackson-core:jar:2.7.3:compile
[INFO] +- javax.mail:mail:jar:1.4.7:compile
[INFO] |  \- javax.activation:activation:jar:1.1:compile
[INFO] +- org.jsoup:jsoup:jar:1.7.3:compile
[INFO] \- uk.ac.ebi.pride.web:pride-web-utils:jar:1.3.11:compile
[INFO]    +- org.springframework.security:spring-security-core:jar:3.1.4.RELEASE:compile
[INFO]    |  \- aopalliance:aopalliance:jar:1.0:compile
[INFO]    +- org.springframework.social:spring-social-twitter:jar:1.0.5.RELEASE:compile
[INFO]    |  +- org.springframework.social:spring-social-core:jar:1.0.3.RELEASE:compile
[INFO]    |  +- org.codehaus.jackson:jackson-mapper-asl:jar:1.9.9:compile
[INFO]    |  |  \- org.codehaus.jackson:jackson-core-asl:jar:1.9.9:compile
[INFO]    |  \- org.springframework.security:spring-security-crypto:jar:3.1.3.RELEASE:compile
[INFO]    +- commons-httpclient:commons-httpclient:jar:3.1:compile
[INFO]    +- commons-fileupload:commons-fileupload:jar:1.2:compile
[INFO]    \- commons-io:commons-io:jar:2.4:compile
[INFO] ------------------------------------------------------------------------
[INFO] BUILD SUCCESS
[INFO] ------------------------------------------------------------------------
[INFO] Total time: 1.583 s
[INFO] Finished at: 2016-04-11T18:41:31+01:00
[INFO] Final Memory: 23M/454M
[INFO] ------------------------------------------------------------------------
